This is pdfTeX, Version 3.14159265-2.6-1.40.21 (MiKTeX 20.6.29) (preloaded format=pdflatex 2020.9.29)  5 MAY 2021 19:44
entering extended mode
**./J_t.tex
(J_t.tex
LaTeX2e <2020-02-02> patch level 5
L3 programming layer <2020-06-18>
(C:\Users\capri\AppData\Local\Programs\MiKTeX\tex/latex/base\article.cls
Document Class: article 2019/12/20 v1.4l Standard LaTeX document class
(C:\Users\capri\AppData\Local\Programs\MiKTeX\tex/latex/base\size10.clo
File: size10.clo 2019/12/20 v1.4l Standard LaTeX file (size option)
)
\c@part=\count167
\c@section=\count168
\c@subsection=\count169
\c@subsubsection=\count170
\c@paragraph=\count171
\c@subparagraph=\count172
\c@figure=\count173
\c@table=\count174
\abovecaptionskip=\skip47
\belowcaptionskip=\skip48
\bibindent=\dimen134
)
(C:\Users\capri\AppData\Local\Programs\MiKTeX\tex/latex/amsmath\amsmath.sty
Package: amsmath 2020/01/20 v2.17e AMS math features
\@mathmargin=\skip49

For additional information on amsmath, use the `?' option.
(C:\Users\capri\AppData\Local\Programs\MiKTeX\tex/latex/amsmath\amstext.sty
Package: amstext 2000/06/29 v2.01 AMS text

(C:\Users\capri\AppData\Local\Programs\MiKTeX\tex/latex/amsmath\amsgen.sty
File: amsgen.sty 1999/11/30 v2.0 generic functions
\@emptytoks=\toks15
\ex@=\dimen135
))
(C:\Users\capri\AppData\Local\Programs\MiKTeX\tex/latex/amsmath\amsbsy.sty
Package: amsbsy 1999/11/29 v1.2d Bold Symbols
\pmbraise@=\dimen136
)
(C:\Users\capri\AppData\Local\Programs\MiKTeX\tex/latex/amsmath\amsopn.sty
Package: amsopn 2016/03/08 v2.02 operator names
)
\inf@bad=\count175
LaTeX Info: Redefining \frac on input line 227.
\uproot@=\count176
\leftroot@=\count177
LaTeX Info: Redefining \overline on input line 389.
\classnum@=\count178
\DOTSCASE@=\count179
LaTeX Info: Redefining \ldots on input line 486.
LaTeX Info: Redefining \dots on input line 489.
LaTeX Info: Redefining \cdots on input line 610.
\Mathstrutbox@=\box45
\strutbox@=\box46
\big@size=\dimen137
LaTeX Font Info:    Redeclaring font encoding OML on input line 733.
LaTeX Font Info:    Redeclaring font encoding OMS on input line 734.
\macc@depth=\count180
\c@MaxMatrixCols=\count181
\dotsspace@=\muskip16
\c@parentequation=\count182
\dspbrk@lvl=\count183
\tag@help=\toks16
\row@=\count184
\column@=\count185
\maxfields@=\count186
\andhelp@=\toks17
\eqnshift@=\dimen138
\alignsep@=\dimen139
\tagshift@=\dimen140
\tagwidth@=\dimen141
\totwidth@=\dimen142
\lineht@=\dimen143
\@envbody=\toks18
\multlinegap=\skip50
\multlinetaggap=\skip51
\mathdisplay@stack=\toks19
LaTeX Info: Redefining \[ on input line 2859.
LaTeX Info: Redefining \] on input line 2860.
)
(C:\Users\capri\AppData\Local\Programs\MiKTeX\tex/latex/amsfonts\amssymb.sty
Package: amssymb 2013/01/14 v3.01 AMS font symbols

(C:\Users\capri\AppData\Local\Programs\MiKTeX\tex/latex/amsfonts\amsfonts.sty
Package: amsfonts 2013/01/14 v3.01 Basic AMSFonts support
\symAMSa=\mathgroup4
\symAMSb=\mathgroup5
LaTeX Font Info:    Redeclaring math symbol \hbar on input line 98.
LaTeX Font Info:    Overwriting math alphabet `\mathfrak' in version `bold'
(Font)                  U/euf/m/n --> U/euf/b/n on input line 106.
)) (C:\Users\capri\AppData\Local\Programs\MiKTeX\tex/latex/graphics\graphics.st
y
Package: graphics 2019/11/30 v1.4a Standard LaTeX Graphics (DPC,SPQR)

(C:\Users\capri\AppData\Local\Programs\MiKTeX\tex/latex/graphics\trig.sty
Package: trig 2016/01/03 v1.10 sin cos tan (DPC)
)
(C:\Users\capri\AppData\Local\Programs\MiKTeX\tex/latex/graphics-cfg\graphics.c
fg
File: graphics.cfg 2016/06/04 v1.11 sample graphics configuration
)
Package graphics Info: Driver file: pdftex.def on input line 105.

(C:\Users\capri\AppData\Local\Programs\MiKTeX\tex/latex/graphics-def\pdftex.def
File: pdftex.def 2018/01/08 v1.0l Graphics/color driver for pdftex
))
(C:\Users\capri\AppData\Local\Programs\MiKTeX\tex/latex/setspace\setspace.sty
Package: setspace 2011/12/19 v6.7a set line spacing
)
(C:\Users\capri\AppData\Local\Programs\MiKTeX\tex/latex/graphics\graphicx.sty
Package: graphicx 2019/11/30 v1.2a Enhanced LaTeX Graphics (DPC,SPQR)

(C:\Users\capri\AppData\Local\Programs\MiKTeX\tex/latex/graphics\keyval.sty
Package: keyval 2014/10/28 v1.15 key=value parser (DPC)
\KV@toks@=\toks20
)
\Gin@req@height=\dimen144
\Gin@req@width=\dimen145
)
\c@mathematicapage=\count187

(C:\Users\capri\AppData\Local\Programs\MiKTeX\tex/latex/l3backend\l3backend-pdf
mode.def
File: l3backend-pdfmode.def 2020-06-29 L3 backend support: PDF mode
\l__kernel_color_stack_int=\count188
\l__pdf_internal_box=\box47
) (J_t.aux)
\openout1 = `J_t.aux'.

LaTeX Font Info:    Checking defaults for OML/cmm/m/it on input line 11.
LaTeX Font Info:    ... okay on input line 11.
LaTeX Font Info:    Checking defaults for OMS/cmsy/m/n on input line 11.
LaTeX Font Info:    ... okay on input line 11.
LaTeX Font Info:    Checking defaults for OT1/cmr/m/n on input line 11.
LaTeX Font Info:    ... okay on input line 11.
LaTeX Font Info:    Checking defaults for T1/cmr/m/n on input line 11.
LaTeX Font Info:    ... okay on input line 11.
LaTeX Font Info:    Checking defaults for TS1/cmr/m/n on input line 11.
LaTeX Font Info:    ... okay on input line 11.
LaTeX Font Info:    Checking defaults for OMX/cmex/m/n on input line 11.
LaTeX Font Info:    ... okay on input line 11.
LaTeX Font Info:    Checking defaults for U/cmr/m/n on input line 11.
LaTeX Font Info:    ... okay on input line 11.

(C:\Users\capri\AppData\Local\Programs\MiKTeX\tex/context/base/mkii\supp-pdf.mk
ii
[Loading MPS to PDF converter (version 2006.09.02).]
\scratchcounter=\count189
\scratchdimen=\dimen146
\scratchbox=\box48
\nofMPsegments=\count190
\nofMParguments=\count191
\everyMPshowfont=\toks21
\MPscratchCnt=\count192
\MPscratchDim=\dimen147
\MPnumerator=\count193
\makeMPintoPDFobject=\count194
\everyMPtoPDFconversion=\toks22
)
(C:\Users\capri\AppData\Local\Programs\MiKTeX\tex/latex/epstopdf-pkg\epstopdf-b
ase.sty
Package: epstopdf-base 2020-01-24 v2.11 Base part for package epstopdf
Package epstopdf-base Info: Redefining graphics rule for `.eps' on input line 4
85.
)
<rend_grados_3.png, id=1, 1927.2pt x 1084.05pt>
File: rend_grados_3.png Graphic file (type png)
<use rend_grados_3.png>
Package pdftex.def Info: rend_grados_3.png  used on input line 15.
(pdftex.def)             Requested size: 385.43318pt x 216.80615pt.

Overfull \hbox (40.43318pt too wide) in paragraph at lines 15--16
[][] 
 []

LaTeX Font Info:    Trying to load font information for U+msa on input line 23.

(C:\Users\capri\AppData\Local\Programs\MiKTeX\tex/latex/amsfonts\umsa.fd
File: umsa.fd 2013/01/14 v3.01 AMS symbols A
)
LaTeX Font Info:    Trying to load font information for U+msb on input line 23.


(C:\Users\capri\AppData\Local\Programs\MiKTeX\tex/latex/amsfonts\umsb.fd
File: umsb.fd 2013/01/14 v3.01 AMS symbols B
)
[1

{C:/Users/capri/AppData/Local/MiKTeX/pdftex/config/pdftex.map} <./rend_grados_3
.png>]
Overfull \hbox (98.50375pt too wide) in paragraph at lines 90--92
$\OML/cmm/m/it/10 Px \OT1/cmr/m/n/10 = 367\OML/cmm/m/it/10 :\OT1/cmr/m/n/10 5[]
 [] + [] [] []$ 
 []


Overfull \hbox (85.82773pt too wide) in paragraph at lines 95--97
$\OML/cmm/m/it/10 Py \OT1/cmr/m/n/10 = 367\OML/cmm/m/it/10 :\OT1/cmr/m/n/10 5[]
 [] + [] [] []$ 
 []

[2] [3]
Overfull \hbox (99.67609pt too wide) in alignment at lines 225--233
 [][][] []
 []


Overfull \hbox (36.38904pt too wide) in alignment at lines 235--243
 [][][] []
 []


Overfull \hbox (104.48978pt too wide) in alignment at lines 245--251
 [][][] []
 []


Overfull \hbox (71.71394pt too wide) in alignment at lines 262--279
 [][][] []
 []

[4]
Overfull \hbox (86.27972pt too wide) in alignment at lines 306--316
 [][][] []
 []


Overfull \hbox (69.66872pt too wide) in alignment at lines 318--324
 [][][] []
 []


Overfull \hbox (108.11304pt too wide) in alignment at lines 326--331
 [][][] []
 []


Overfull \hbox (88.63332pt too wide) in paragraph at lines 335--338
$[] \OT1/cmr/m/n/10 = [] [] [] [] [] +
 []

[5]
Overfull \hbox (107.03377pt too wide) in paragraph at lines 342--344
$[] \OT1/cmr/m/n/10 = 452\OML/cmm/m/it/10 :[] [] [] [] [] [] \OT1/cmr/m/n/10 + 
[] [] []$ 
 []


Overfull \hbox (88.1038pt too wide) in alignment at lines 347--356
 [][][] []
 []


Overfull \hbox (111.49278pt too wide) in alignment at lines 358--364
 [][][] []
 []


Overfull \hbox (113.15941pt too wide) in alignment at lines 366--371
 [][][] []
 []


Overfull \hbox (78.34978pt too wide) in paragraph at lines 375--378
$[] \OT1/cmr/m/n/10 = [] [] [] [] [] +
 []


Overfull \hbox (99.02798pt too wide) in paragraph at lines 381--383
$[] \OT1/cmr/m/n/10 = 452\OML/cmm/m/it/10 :[] [] [] [] [] [] \OT1/cmr/m/n/10 + 
[] [] []$ 
 []


Overfull \hbox (25.4094pt too wide) in alignment at lines 389--395
 [][][] []
 []


Overfull \hbox (66.80016pt too wide) in paragraph at lines 399--402
$[] \OT1/cmr/m/n/10 = \OMS/cmsy/m/n/10  \OT1/cmr/m/n/10 452\OML/cmm/m/it/10 :[]
 [] [] \OT1/cmr/m/n/10 +
 []


Overfull \hbox (10.47935pt too wide) in paragraph at lines 399--402
\OT1/cmr/m/n/10 452\OML/cmm/m/it/10 :[] [] []$ 
 []

[6]
Overfull \hbox (126.45322pt too wide) in paragraph at lines 421--430
$\OML/cmm/m/it/10 J[] \OT1/cmr/m/n/10 = []$ 
 []

[7] (J_t.aux) ) 
Here is how much of TeX's memory you used:
 2302 strings out of 480790
 30616 string characters out of 2897301
 279104 words of memory out of 3000000
 18320 multiletter control sequences out of 15000+200000
 534642 words of font info for 34 fonts, out of 3000000 for 9000
 1141 hyphenation exceptions out of 8191
 30i,13n,31p,232b,211s stack positions out of 5000i,500n,10000p,200000b,50000s
<C:/Users/capri/AppData/Local/Programs/MiKTeX/fonts/type1/public
/amsfonts/cm/cmbx12.pfb><C:/Users/capri/AppData/Local/Programs/MiKTeX/fonts/typ
e1/public/amsfonts/cm/cmex10.pfb><C:/Users/capri/AppData/Local/Programs/MiKTeX/
fonts/type1/public/amsfonts/cm/cmmi10.pfb><C:/Users/capri/AppData/Local/Program
s/MiKTeX/fonts/type1/public/amsfonts/cm/cmmi7.pfb><C:/Users/capri/AppData/Local
/Programs/MiKTeX/fonts/type1/public/amsfonts/cm/cmr10.pfb><C:/Users/capri/AppDa
ta/Local/Programs/MiKTeX/fonts/type1/public/amsfonts/cm/cmr5.pfb><C:/Users/capr
i/AppData/Local/Programs/MiKTeX/fonts/type1/public/amsfonts/cm/cmr7.pfb><C:/Use
rs/capri/AppData/Local/Programs/MiKTeX/fonts/type1/public/amsfonts/cm/cmsy10.pf
b>
Output written on J_t.pdf (7 pages, 1437518 bytes).
PDF statistics:
 59 PDF objects out of 1000 (max. 8388607)
 0 named destinations out of 1000 (max. 500000)
 6 words of extra memory for PDF output out of 10000 (max. 10000000)

