This is pdfTeX, Version 3.14159265-2.6-1.40.21 (MiKTeX 20.6.29) (preloaded format=pdflatex 2020.9.29)  5 MAY 2021 18:53
entering extended mode
**"./Jacobiano_6 grados.tex"
("Jacobiano_6 grados.tex"
LaTeX2e <2020-02-02> patch level 5
L3 programming layer <2020-06-18>
(C:\Users\capri\AppData\Local\Programs\MiKTeX\tex/latex/base\article.cls
Document Class: article 2019/12/20 v1.4l Standard LaTeX document class
(C:\Users\capri\AppData\Local\Programs\MiKTeX\tex/latex/base\size10.clo
File: size10.clo 2019/12/20 v1.4l Standard LaTeX file (size option)
)
\c@part=\count167
\c@section=\count168
\c@subsection=\count169
\c@subsubsection=\count170
\c@paragraph=\count171
\c@subparagraph=\count172
\c@figure=\count173
\c@table=\count174
\abovecaptionskip=\skip47
\belowcaptionskip=\skip48
\bibindent=\dimen134
)
(C:\Users\capri\AppData\Local\Programs\MiKTeX\tex/latex/amsmath\amsmath.sty
Package: amsmath 2020/01/20 v2.17e AMS math features
\@mathmargin=\skip49

For additional information on amsmath, use the `?' option.
(C:\Users\capri\AppData\Local\Programs\MiKTeX\tex/latex/amsmath\amstext.sty
Package: amstext 2000/06/29 v2.01 AMS text

(C:\Users\capri\AppData\Local\Programs\MiKTeX\tex/latex/amsmath\amsgen.sty
File: amsgen.sty 1999/11/30 v2.0 generic functions
\@emptytoks=\toks15
\ex@=\dimen135
))
(C:\Users\capri\AppData\Local\Programs\MiKTeX\tex/latex/amsmath\amsbsy.sty
Package: amsbsy 1999/11/29 v1.2d Bold Symbols
\pmbraise@=\dimen136
)
(C:\Users\capri\AppData\Local\Programs\MiKTeX\tex/latex/amsmath\amsopn.sty
Package: amsopn 2016/03/08 v2.02 operator names
)
\inf@bad=\count175
LaTeX Info: Redefining \frac on input line 227.
\uproot@=\count176
\leftroot@=\count177
LaTeX Info: Redefining \overline on input line 389.
\classnum@=\count178
\DOTSCASE@=\count179
LaTeX Info: Redefining \ldots on input line 486.
LaTeX Info: Redefining \dots on input line 489.
LaTeX Info: Redefining \cdots on input line 610.
\Mathstrutbox@=\box45
\strutbox@=\box46
\big@size=\dimen137
LaTeX Font Info:    Redeclaring font encoding OML on input line 733.
LaTeX Font Info:    Redeclaring font encoding OMS on input line 734.
\macc@depth=\count180
\c@MaxMatrixCols=\count181
\dotsspace@=\muskip16
\c@parentequation=\count182
\dspbrk@lvl=\count183
\tag@help=\toks16
\row@=\count184
\column@=\count185
\maxfields@=\count186
\andhelp@=\toks17
\eqnshift@=\dimen138
\alignsep@=\dimen139
\tagshift@=\dimen140
\tagwidth@=\dimen141
\totwidth@=\dimen142
\lineht@=\dimen143
\@envbody=\toks18
\multlinegap=\skip50
\multlinetaggap=\skip51
\mathdisplay@stack=\toks19
LaTeX Info: Redefining \[ on input line 2859.
LaTeX Info: Redefining \] on input line 2860.
)
(C:\Users\capri\AppData\Local\Programs\MiKTeX\tex/latex/amsfonts\amssymb.sty
Package: amssymb 2013/01/14 v3.01 AMS font symbols

(C:\Users\capri\AppData\Local\Programs\MiKTeX\tex/latex/amsfonts\amsfonts.sty
Package: amsfonts 2013/01/14 v3.01 Basic AMSFonts support
\symAMSa=\mathgroup4
\symAMSb=\mathgroup5
LaTeX Font Info:    Redeclaring math symbol \hbar on input line 98.
LaTeX Font Info:    Overwriting math alphabet `\mathfrak' in version `bold'
(Font)                  U/euf/m/n --> U/euf/b/n on input line 106.
)) (C:\Users\capri\AppData\Local\Programs\MiKTeX\tex/latex/graphics\graphics.st
y
Package: graphics 2019/11/30 v1.4a Standard LaTeX Graphics (DPC,SPQR)

(C:\Users\capri\AppData\Local\Programs\MiKTeX\tex/latex/graphics\trig.sty
Package: trig 2016/01/03 v1.10 sin cos tan (DPC)
)
(C:\Users\capri\AppData\Local\Programs\MiKTeX\tex/latex/graphics-cfg\graphics.c
fg
File: graphics.cfg 2016/06/04 v1.11 sample graphics configuration
)
Package graphics Info: Driver file: pdftex.def on input line 105.

(C:\Users\capri\AppData\Local\Programs\MiKTeX\tex/latex/graphics-def\pdftex.def
File: pdftex.def 2018/01/08 v1.0l Graphics/color driver for pdftex
))
(C:\Users\capri\AppData\Local\Programs\MiKTeX\tex/latex/setspace\setspace.sty
Package: setspace 2011/12/19 v6.7a set line spacing
)
(C:\Users\capri\AppData\Local\Programs\MiKTeX\tex/latex/psnfss\times.sty
Package: times 2020/03/25 PSNFSS-v9.3 (SPQR) 
)
(C:\Users\capri\AppData\Local\Programs\MiKTeX\tex/latex/harvard\harvard.sty
Package: harvard 

(C:\Users\capri\AppData\Local\Programs\MiKTeX\tex/latex/base\ifthen.sty
Package: ifthen 2014/09/29 v1.1c Standard LaTeX ifthen package (DPC)
))
(C:\Users\capri\AppData\Local\Programs\MiKTeX\tex/latex/graphics\graphicx.sty
Package: graphicx 2019/11/30 v1.2a Enhanced LaTeX Graphics (DPC,SPQR)

(C:\Users\capri\AppData\Local\Programs\MiKTeX\tex/latex/graphics\keyval.sty
Package: keyval 2014/10/28 v1.15 key=value parser (DPC)
\KV@toks@=\toks20
)
\Gin@req@height=\dimen144
\Gin@req@width=\dimen145
)
\c@mathematicapage=\count187

(C:\Users\capri\AppData\Local\Programs\MiKTeX\tex/latex/l3backend\l3backend-pdf
mode.def
File: l3backend-pdfmode.def 2020-06-29 L3 backend support: PDF mode
\l__kernel_color_stack_int=\count188
\l__pdf_internal_box=\box47
) ("Jacobiano_6 grados.aux")
\openout1 = `"Jacobiano_6 grados.aux"'.

LaTeX Font Info:    Checking defaults for OML/cmm/m/it on input line 15.
LaTeX Font Info:    ... okay on input line 15.
LaTeX Font Info:    Checking defaults for OMS/cmsy/m/n on input line 15.
LaTeX Font Info:    ... okay on input line 15.
LaTeX Font Info:    Checking defaults for OT1/cmr/m/n on input line 15.
LaTeX Font Info:    ... okay on input line 15.
LaTeX Font Info:    Checking defaults for T1/cmr/m/n on input line 15.
LaTeX Font Info:    ... okay on input line 15.
LaTeX Font Info:    Checking defaults for TS1/cmr/m/n on input line 15.
LaTeX Font Info:    ... okay on input line 15.
LaTeX Font Info:    Checking defaults for OMX/cmex/m/n on input line 15.
LaTeX Font Info:    ... okay on input line 15.
LaTeX Font Info:    Checking defaults for U/cmr/m/n on input line 15.
LaTeX Font Info:    ... okay on input line 15.
LaTeX Font Info:    Trying to load font information for OT1+ptm on input line 1
5.

(C:\Users\capri\AppData\Local\Programs\MiKTeX\tex/latex/psnfss\ot1ptm.fd
File: ot1ptm.fd 2001/06/04 font definitions for OT1/ptm.
)
(C:\Users\capri\AppData\Local\Programs\MiKTeX\tex/context/base/mkii\supp-pdf.mk
ii
[Loading MPS to PDF converter (version 2006.09.02).]
\scratchcounter=\count189
\scratchdimen=\dimen146
\scratchbox=\box48
\nofMPsegments=\count190
\nofMParguments=\count191
\everyMPshowfont=\toks21
\MPscratchCnt=\count192
\MPscratchDim=\dimen147
\MPnumerator=\count193
\makeMPintoPDFobject=\count194
\everyMPtoPDFconversion=\toks22
)
(C:\Users\capri\AppData\Local\Programs\MiKTeX\tex/latex/epstopdf-pkg\epstopdf-b
ase.sty
Package: epstopdf-base 2020-01-24 v2.11 Base part for package epstopdf
Package epstopdf-base Info: Redefining graphics rule for `.eps' on input line 4
85.
)
LaTeX Font Info:    Trying to load font information for U+msa on input line 18.


(C:\Users\capri\AppData\Local\Programs\MiKTeX\tex/latex/amsfonts\umsa.fd
File: umsa.fd 2013/01/14 v3.01 AMS symbols A
)
LaTeX Font Info:    Trying to load font information for U+msb on input line 18.


(C:\Users\capri\AppData\Local\Programs\MiKTeX\tex/latex/amsfonts\umsb.fd
File: umsb.fd 2013/01/14 v3.01 AMS symbols B
)
Overfull \hbox (340.35895pt too wide) in paragraph at lines 18--26
$[][] 
 []


Overfull \hbox (340.35895pt too wide) in paragraph at lines 29--37
$[][] 
 []


Overfull \hbox (340.35895pt too wide) in paragraph at lines 40--48
$[][] 
 []


Overfull \hbox (340.35895pt too wide) in paragraph at lines 51--59
$[][] 
 []


Overfull \hbox (340.35895pt too wide) in paragraph at lines 62--70
$[][] 
 []

[1

{C:/Users/capri/AppData/Local/MiKTeX/pdftex/config/pdftex.map}] [2]
Overfull \hbox (128.58221pt too wide) in paragraph at lines 147--157
$[]$ 
 []


Overfull \hbox (9514.84499pt too wide) in paragraph at lines 170--214
$[]$ 
 []


Overfull \hbox (3568.3046pt too wide) in paragraph at lines 217--269
$[]$ 
 []


Overfull \hbox (760.56888pt too wide) in paragraph at lines 279--283
$[]$ 
 []


Overfull \hbox (758.90225pt too wide) in paragraph at lines 286--290
$[]$ 
 []


Overfull \hbox (514.69164pt too wide) in paragraph at lines 293--296
$[]$ 
 []


Overfull \hbox (158.62422pt too wide) in paragraph at lines 299--301
$[][] 
 []

[3]
Overfull \hbox (6.5566pt too wide) in paragraph at lines 317--318
$[]$ 
 []


Overfull \hbox (4793.08781pt too wide) in paragraph at lines 321--346
$[]$ 
 []

[4]
Overfull \hbox (216.26167pt too wide) in paragraph at lines 388--391
$[][] 
 []


Overfull \hbox (246.62794pt too wide) in paragraph at lines 388--391
[][] 
 []


Overfull \hbox (10467.26201pt too wide) in paragraph at lines 394--433
$[]$ 
 []

[5]
Overfull \hbox (1860.18106pt too wide) in paragraph at lines 472--500
$[]$ 
 []

[6]
Overfull \hbox (673.34625pt too wide) in paragraph at lines 538--542
$[]$ 
 []


Overfull \hbox (435.36975pt too wide) in paragraph at lines 545--548
$[]$ 
 []


Overfull \hbox (376.48076pt too wide) in paragraph at lines 551--554
$[]$ 
 []


Overfull \hbox (255.23833pt too wide) in paragraph at lines 557--560
$[]$ 
 []


Overfull \hbox (105.72392pt too wide) in paragraph at lines 563--565
$[]$ 
 []


Overfull \hbox (685.5686pt too wide) in paragraph at lines 568--572
$[]$ 
 []


Overfull \hbox (440.92757pt too wide) in paragraph at lines 575--578
$[]$ 
 []


Overfull \hbox (382.03857pt too wide) in paragraph at lines 581--584
$[]$ 
 []


Overfull \hbox (257.46056pt too wide) in paragraph at lines 587--590
$[]$ 
 []


Overfull \hbox (97.94612pt too wide) in paragraph at lines 593--595
$[]$ 
 []


Overfull \hbox (381.2839pt too wide) in paragraph at lines 602--605
$[]$ 
 []

[7]
Overfull \hbox (418.02501pt too wide) in paragraph at lines 608--611
$[]$ 
 []


Overfull \hbox (165.2469pt too wide) in paragraph at lines 618--621
$[]$ 
 []


Overfull \hbox (122.66357pt too wide) in paragraph at lines 685--687
[]$ 
 []

[8]
Overfull \hbox (96.55516pt too wide) in paragraph at lines 690--699
$[]$ 
 []

[9] ("Jacobiano_6 grados.aux") ) 
Here is how much of TeX's memory you used:
 2500 strings out of 480790
 33512 string characters out of 2897301
 330932 words of memory out of 3000000
 18506 multiletter control sequences out of 15000+200000
 536636 words of font info for 36 fonts, out of 3000000 for 9000
 1141 hyphenation exceptions out of 8191
 30i,14n,31p,458b,141s stack positions out of 5000i,500n,10000p,200000b,50000s
{C:/Users/capri/AppData/Local/Programs/MiKTeX/f
onts/enc/dvips/base/8r.enc}<C:/Users/capri/AppData/Local/Programs/MiKTeX/fonts/
type1/public/amsfonts/cm/cmex10.pfb><C:/Users/capri/AppData/Local/Programs/MiKT
eX/fonts/type1/public/amsfonts/cm/cmmi10.pfb><C:/Users/capri/AppData/Local/Prog
rams/MiKTeX/fonts/type1/public/amsfonts/cm/cmr10.pfb><C:/Users/capri/AppData/Lo
cal/Programs/MiKTeX/fonts/type1/public/amsfonts/cm/cmr7.pfb><C:/Users/capri/App
Data/Local/Programs/MiKTeX/fonts/type1/public/amsfonts/cm/cmsy10.pfb><C:/Users/
capri/AppData/Local/Programs/MiKTeX/fonts/type1/urw/times/utmr8a.pfb>
Output written on "Jacobiano_6 grados.pdf" (9 pages, 85711 bytes).
PDF statistics:
 57 PDF objects out of 1000 (max. 8388607)
 0 named destinations out of 1000 (max. 500000)
 1 words of extra memory for PDF output out of 10000 (max. 10000000)

